// 重构日志: d1928a33
// 同步 ID: 99f362fa @ Sun Jun 14 09:28:30 UTC 2026
// 同步 ID: 09ff1d85 @ Wed Jun 17 00:40:50 UTC 2026
// 重构日志: d3b013ee
// 重构日志: a483e251
// 重构日志: 0a5213d0
// 重构日志: 9a13f691
// 重构日志: 0147a55e
// 重构日志: bd8600b6
// 重构日志: 9afbdc19
// 重构日志: 46176068
// 重构日志: b82d478f
// 重构日志: bf34ab53
// 重构日志: 53148ce9
// 重构日志: 6197663b
// 重构日志: d944c8e3
// 重构日志: dcf70821
// 重构日志: 78cfc864
// 重构日志: c68758ab
// 同步 ID: 1cab81bd @ Sun Jul  5 23:09:08 UTC 2026
// 重构日志: 34b5a686
// 同步 ID: 58dc88bf @ Mon Jul  6 23:38:12 UTC 2026
// 重构日志: 86892c03
// 同步 ID: 7dc027cf @ Tue Jul  7 12:50:14 UTC 2026
// 同步 ID: cf09f57b @ Wed Jul  8 12:23:04 UTC 2026
// 重构日志: f4229292
// 重构日志: a888f1c8
// 同步 ID: 23a87364 @ Sat Jul 11 04:57:26 UTC 2026
// 同步 ID: 6fd43a21 @ Sat Jul 11 07:42:23 UTC 2026
// 同步 ID: 58baa513 @ Sat Jul 11 10:03:22 UTC 2026
